{"D:\\1Senior\\Quarter3\\ECS 162\\hw3\\ECS162\\hw3-app\\frontend\\svelte.config.js": {"path":"D:\\1Senior\\Quarter3\\ECS 162\\hw3\\ECS162\\hw3-app\\frontend\\svelte.config.js","all":true,"statementMap":{"0":{"start":{"line":1,"column":0},"end":{"line":1,"column":61}},"1":{"start":{"line":2,"column":0},"end":{"line":2,"column":0}},"2":{"start":{"line":3,"column":0},"end":{"line":3,"column":16}},"3":{"start":{"line":4,"column":0},"end":{"line":4,"column":67}},"4":{"start":{"line":5,"column":0},"end":{"line":5,"column":45}},"5":{"start":{"line":6,"column":0},"end":{"line":6,"column":31}},"6":{"start":{"line":7,"column":0},"end":{"line":7,"column":1}}},"s":{"0":0,"1":0,"2":0,"3":0,"4":0,"5":0,"6":0},"branchMap":{"0":{"type":"branch","line":1,"loc":{"start":{"line":1,"column":0},"end":{"line":7,"column":1}},"locations":[{"start":{"line":1,"column":0},"end":{"line":7,"column":1}}]}},"b":{"0":[0]},"fnMap":{"0":{"name":"(empty-report)","decl":{"start":{"line":1,"column":0},"end":{"line":7,"column":1}},"loc":{"start":{"line":1,"column":0},"end":{"line":7,"column":1}},"line":1}},"f":{"0":0}}
,"D:\\1Senior\\Quarter3\\ECS 162\\hw3\\ECS162\\hw3-app\\frontend\\src\\App.svelte": {"path":"D:\\1Senior\\Quarter3\\ECS 162\\hw3\\ECS162\\hw3-app\\frontend\\src\\App.svelte","all":true,"statementMap":{"0":{"start":{"line":1,"column":0},"end":{"line":1,"column":18}},"1":{"start":{"line":2,"column":0},"end":{"line":2,"column":62}},"2":{"start":{"line":3,"column":0},"end":{"line":3,"column":9}},"3":{"start":{"line":4,"column":0},"end":{"line":4,"column":0}},"4":{"start":{"line":5,"column":0},"end":{"line":5,"column":16}}},"s":{"0":0,"1":0,"2":0,"3":0,"4":0},"branchMap":{"0":{"type":"branch","line":1,"loc":{"start":{"line":1,"column":0},"end":{"line":5,"column":16}},"locations":[{"start":{"line":1,"column":0},"end":{"line":5,"column":16}}]}},"b":{"0":[0]},"fnMap":{"0":{"name":"(empty-report)","decl":{"start":{"line":1,"column":0},"end":{"line":5,"column":16}},"loc":{"start":{"line":1,"column":0},"end":{"line":5,"column":16}},"line":1}},"f":{"0":0}}
,"D:\\1Senior\\Quarter3\\ECS 162\\hw3\\ECS162\\hw3-app\\frontend\\src\\main.ts": {"path":"D:\\1Senior\\Quarter3\\ECS 162\\hw3\\ECS162\\hw3-app\\frontend\\src\\main.ts","all":true,"statementMap":{"0":{"start":{"line":1,"column":0},"end":{"line":1,"column":30}},"1":{"start":{"line":2,"column":0},"end":{"line":2,"column":18}},"2":{"start":{"line":3,"column":0},"end":{"line":3,"column":30}},"3":{"start":{"line":4,"column":0},"end":{"line":4,"column":0}},"4":{"start":{"line":5,"column":0},"end":{"line":5,"column":24}},"5":{"start":{"line":6,"column":0},"end":{"line":6,"column":42}},"6":{"start":{"line":7,"column":0},"end":{"line":7,"column":2}},"7":{"start":{"line":8,"column":0},"end":{"line":8,"column":0}},"8":{"start":{"line":9,"column":0},"end":{"line":9,"column":18}}},"s":{"0":0,"1":0,"2":0,"3":0,"4":0,"5":0,"6":0,"7":0,"8":0},"branchMap":{"0":{"type":"branch","line":1,"loc":{"start":{"line":1,"column":0},"end":{"line":9,"column":18}},"locations":[{"start":{"line":1,"column":0},"end":{"line":9,"column":18}}]}},"b":{"0":[0]},"fnMap":{"0":{"name":"(empty-report)","decl":{"start":{"line":1,"column":0},"end":{"line":9,"column":18}},"loc":{"start":{"line":1,"column":0},"end":{"line":9,"column":18}},"line":1}},"f":{"0":0}}
,"D:\\1Senior\\Quarter3\\ECS 162\\hw3\\ECS162\\hw3-app\\frontend\\src\\components\\CommentSidebar.svelte": {"path":"D:\\1Senior\\Quarter3\\ECS 162\\hw3\\ECS162\\hw3-app\\frontend\\src\\components\\CommentSidebar.svelte","all":false,"statementMap":{"5":{"start":{"line":6,"column":0},"end":{"line":6,"column":31}},"6":{"start":{"line":7,"column":0},"end":{"line":7,"column":34}},"7":{"start":{"line":8,"column":0},"end":{"line":8,"column":33}},"9":{"start":{"line":10,"column":0},"end":{"line":10,"column":27}},"10":{"start":{"line":11,"column":0},"end":{"line":11,"column":22}},"11":{"start":{"line":12,"column":0},"end":{"line":12,"column":36}},"12":{"start":{"line":13,"column":0},"end":{"line":13,"column":20}},"13":{"start":{"line":14,"column":0},"end":{"line":14,"column":30}},"16":{"start":{"line":17,"column":0},"end":{"line":17,"column":34}},"17":{"start":{"line":18,"column":0},"end":{"line":18,"column":56}},"18":{"start":{"line":19,"column":0},"end":{"line":19,"column":58}},"19":{"start":{"line":20,"column":0},"end":{"line":20,"column":32}},"20":{"start":{"line":21,"column":0},"end":{"line":21,"column":3}},"22":{"start":{"line":23,"column":0},"end":{"line":23,"column":69}},"23":{"start":{"line":24,"column":0},"end":{"line":24,"column":56}},"24":{"start":{"line":25,"column":0},"end":{"line":25,"column":47}},"25":{"start":{"line":26,"column":0},"end":{"line":26,"column":21}},"26":{"start":{"line":27,"column":0},"end":{"line":27,"column":54}},"27":{"start":{"line":28,"column":0},"end":{"line":28,"column":28}},"28":{"start":{"line":29,"column":0},"end":{"line":29,"column":22}},"29":{"start":{"line":30,"column":0},"end":{"line":30,"column":28}},"32":{"start":{"line":33,"column":0},"end":{"line":33,"column":26}},"33":{"start":{"line":34,"column":0},"end":{"line":34,"column":3}},"35":{"start":{"line":36,"column":0},"end":{"line":36,"column":30}},"36":{"start":{"line":37,"column":0},"end":{"line":37,"column":35}},"37":{"start":{"line":38,"column":0},"end":{"line":38,"column":47}},"38":{"start":{"line":39,"column":0},"end":{"line":39,"column":3}},"40":{"start":{"line":41,"column":0},"end":{"line":41,"column":17}},"41":{"start":{"line":42,"column":0},"end":{"line":42,"column":16}},"42":{"start":{"line":43,"column":0},"end":{"line":43,"column":20}},"43":{"start":{"line":44,"column":0},"end":{"line":44,"column":5}},"51":{"start":{"line":52,"column":0},"end":{"line":52,"column":20}},"52":{"start":{"line":53,"column":0},"end":{"line":53,"column":71}},"60":{"start":{"line":61,"column":0},"end":{"line":61,"column":37}},"62":{"start":{"line":63,"column":0},"end":{"line":63,"column":59}},"67":{"start":{"line":68,"column":0},"end":{"line":68,"column":39}},"70":{"start":{"line":71,"column":0},"end":{"line":71,"column":59}},"77":{"start":{"line":78,"column":0},"end":{"line":78,"column":44}},"78":{"start":{"line":79,"column":0},"end":{"line":79,"column":35}},"79":{"start":{"line":80,"column":0},"end":{"line":80,"column":44}},"80":{"start":{"line":81,"column":0},"end":{"line":81,"column":24}},"81":{"start":{"line":82,"column":0},"end":{"line":82,"column":25}},"82":{"start":{"line":83,"column":0},"end":{"line":83,"column":10}},"83":{"start":{"line":84,"column":0},"end":{"line":84,"column":33}},"84":{"start":{"line":85,"column":0},"end":{"line":85,"column":63}},"85":{"start":{"line":86,"column":0},"end":{"line":86,"column":32}},"86":{"start":{"line":87,"column":0},"end":{"line":87,"column":10}},"87":{"start":{"line":88,"column":0},"end":{"line":88,"column":43}},"95":{"start":{"line":96,"column":0},"end":{"line":96,"column":27}},"101":{"start":{"line":102,"column":0},"end":{"line":102,"column":81}},"104":{"start":{"line":105,"column":0},"end":{"line":105,"column":35}},"105":{"start":{"line":106,"column":0},"end":{"line":106,"column":23}},"106":{"start":{"line":107,"column":0},"end":{"line":107,"column":39}},"107":{"start":{"line":108,"column":0},"end":{"line":108,"column":38}},"108":{"start":{"line":109,"column":0},"end":{"line":109,"column":24}},"109":{"start":{"line":110,"column":0},"end":{"line":110,"column":8}}},"s":{"5":1,"6":1,"7":1,"9":1,"10":1,"11":1,"12":1,"13":1,"16":1,"17":1,"18":1,"19":1,"20":1,"22":1,"23":1,"24":1,"25":1,"26":1,"27":1,"28":1,"29":1,"32":1,"33":1,"35":1,"36":1,"37":1,"38":1,"40":1,"41":1,"42":1,"43":1,"51":1,"52":1,"60":1,"62":1,"67":1,"70":1,"77":1,"78":1,"79":1,"80":1,"81":1,"82":1,"83":1,"84":1,"85":1,"86":1,"87":1,"95":1,"101":1,"104":1,"105":1,"106":1,"107":1,"108":1,"109":1},"branchMap":{},"b":{},"fnMap":{},"f":{}}
,"D:\\1Senior\\Quarter3\\ECS 162\\hw3\\ECS162\\hw3-app\\frontend\\src\\components\\CommentThread.svelte": {"path":"D:\\1Senior\\Quarter3\\ECS 162\\hw3\\ECS162\\hw3-app\\frontend\\src\\components\\CommentThread.svelte","all":false,"statementMap":{"5":{"start":{"line":6,"column":0},"end":{"line":6,"column":28}},"6":{"start":{"line":7,"column":0},"end":{"line":7,"column":31}},"7":{"start":{"line":8,"column":0},"end":{"line":8,"column":38}},"8":{"start":{"line":9,"column":0},"end":{"line":9,"column":32}},"9":{"start":{"line":10,"column":0},"end":{"line":10,"column":32}},"11":{"start":{"line":12,"column":0},"end":{"line":12,"column":65}},"12":{"start":{"line":13,"column":0},"end":{"line":13,"column":55}},"13":{"start":{"line":14,"column":0},"end":{"line":14,"column":46}},"21":{"start":{"line":22,"column":0},"end":{"line":22,"column":59}},"24":{"start":{"line":25,"column":0},"end":{"line":25,"column":61}},"26":{"start":{"line":27,"column":0},"end":{"line":27,"column":56}},"33":{"start":{"line":34,"column":0},"end":{"line":34,"column":51}},"36":{"start":{"line":37,"column":0},"end":{"line":37,"column":76}},"40":{"start":{"line":41,"column":0},"end":{"line":41,"column":56}},"41":{"start":{"line":42,"column":0},"end":{"line":42,"column":76}},"47":{"start":{"line":48,"column":0},"end":{"line":48,"column":35}},"50":{"start":{"line":51,"column":0},"end":{"line":51,"column":33}},"56":{"start":{"line":57,"column":0},"end":{"line":57,"column":73}},"61":{"start":{"line":62,"column":0},"end":{"line":62,"column":31}},"62":{"start":{"line":63,"column":0},"end":{"line":63,"column":47}},"63":{"start":{"line":64,"column":0},"end":{"line":64,"column":30}},"64":{"start":{"line":65,"column":0},"end":{"line":65,"column":16}},"65":{"start":{"line":66,"column":0},"end":{"line":66,"column":41}},"76":{"start":{"line":77,"column":0},"end":{"line":77,"column":74}},"78":{"start":{"line":79,"column":0},"end":{"line":79,"column":25}}},"s":{"5":1,"6":1,"7":1,"8":1,"9":1,"11":1,"12":1,"13":1,"21":1,"24":1,"26":1,"33":1,"36":1,"40":1,"41":1,"47":1,"50":1,"56":1,"61":1,"62":0,"63":0,"64":1,"65":1,"76":1,"78":1},"branchMap":{"0":{"type":"branch","line":42,"loc":{"start":{"line":42,"column":53},"end":{"line":42,"column":76}},"locations":[{"start":{"line":42,"column":53},"end":{"line":42,"column":76}}]},"1":{"type":"branch","line":41,"loc":{"start":{"line":41,"column":55},"end":{"line":41,"column":56}},"locations":[{"start":{"line":41,"column":55},"end":{"line":41,"column":56}}]},"2":{"type":"branch","line":66,"loc":{"start":{"line":66,"column":25},"end":{"line":66,"column":33}},"locations":[{"start":{"line":66,"column":25},"end":{"line":66,"column":33}}]},"3":{"type":"branch","line":66,"loc":{"start":{"line":66,"column":25},"end":{"line":66,"column":41}},"locations":[{"start":{"line":66,"column":25},"end":{"line":66,"column":41}}]},"4":{"type":"branch","line":48,"loc":{"start":{"line":48,"column":34},"end":{"line":48,"column":35}},"locations":[{"start":{"line":48,"column":34},"end":{"line":48,"column":35}}]},"5":{"type":"branch","line":77,"loc":{"start":{"line":77,"column":13},"end":{"line":77,"column":68}},"locations":[{"start":{"line":77,"column":13},"end":{"line":77,"column":68}}]},"6":{"type":"branch","line":77,"loc":{"start":{"line":77,"column":28},"end":{"line":77,"column":68}},"locations":[{"start":{"line":77,"column":28},"end":{"line":77,"column":68}}]},"7":{"type":"branch","line":22,"loc":{"start":{"line":22,"column":9},"end":{"line":22,"column":58}},"locations":[{"start":{"line":22,"column":9},"end":{"line":22,"column":58}}]},"8":{"type":"branch","line":22,"loc":{"start":{"line":22,"column":49},"end":{"line":22,"column":58}},"locations":[{"start":{"line":22,"column":49},"end":{"line":22,"column":58}}]},"9":{"type":"branch","line":27,"loc":{"start":{"line":27,"column":15},"end":{"line":27,"column":56}},"locations":[{"start":{"line":27,"column":15},"end":{"line":27,"column":56}}]},"10":{"type":"branch","line":37,"loc":{"start":{"line":37,"column":51},"end":{"line":37,"column":76}},"locations":[{"start":{"line":37,"column":51},"end":{"line":37,"column":76}}]}},"b":{"0":[1],"1":[5],"2":[1],"3":[1],"4":[1],"5":[7],"6":[12],"7":[7],"8":[0],"9":[7],"10":[1]},"fnMap":{"0":{"name":"CommentThread_1.__vite_ssr_import_2__.each.comment","decl":{"start":{"line":77,"column":13},"end":{"line":77,"column":68}},"loc":{"start":{"line":77,"column":13},"end":{"line":77,"column":68}},"line":77}},"f":{"0":7}}
,"D:\\1Senior\\Quarter3\\ECS 162\\hw3\\ECS162\\hw3-app\\frontend\\src\\components\\NewYorkTimes.svelte": {"path":"D:\\1Senior\\Quarter3\\ECS 162\\hw3\\ECS162\\hw3-app\\frontend\\src\\components\\NewYorkTimes.svelte","all":false,"statementMap":{"5":{"start":{"line":6,"column":0},"end":{"line":6,"column":25}},"6":{"start":{"line":7,"column":0},"end":{"line":7,"column":27}},"7":{"start":{"line":8,"column":0},"end":{"line":8,"column":19}},"10":{"start":{"line":11,"column":0},"end":{"line":11,"column":69}},"12":{"start":{"line":13,"column":0},"end":{"line":13,"column":23}},"14":{"start":{"line":15,"column":0},"end":{"line":15,"column":29}},"15":{"start":{"line":16,"column":0},"end":{"line":16,"column":49}},"16":{"start":{"line":17,"column":0},"end":{"line":17,"column":22}},"17":{"start":{"line":18,"column":0},"end":{"line":18,"column":22}},"18":{"start":{"line":19,"column":0},"end":{"line":19,"column":20}},"19":{"start":{"line":20,"column":0},"end":{"line":20,"column":21}},"21":{"start":{"line":22,"column":0},"end":{"line":22,"column":63}},"25":{"start":{"line":26,"column":0},"end":{"line":26,"column":24}},"26":{"start":{"line":27,"column":0},"end":{"line":27,"column":26}},"27":{"start":{"line":28,"column":0},"end":{"line":28,"column":28}},"28":{"start":{"line":29,"column":0},"end":{"line":29,"column":29}},"29":{"start":{"line":30,"column":0},"end":{"line":30,"column":5}},"34":{"start":{"line":35,"column":0},"end":{"line":35,"column":32}},"35":{"start":{"line":36,"column":0},"end":{"line":36,"column":9}},"36":{"start":{"line":37,"column":0},"end":{"line":37,"column":47}},"37":{"start":{"line":38,"column":0},"end":{"line":38,"column":41}},"38":{"start":{"line":39,"column":0},"end":{"line":39,"column":28}},"39":{"start":{"line":40,"column":0},"end":{"line":40,"column":21}},"40":{"start":{"line":41,"column":0},"end":{"line":41,"column":55}},"41":{"start":{"line":42,"column":0},"end":{"line":42,"column":5}},"42":{"start":{"line":43,"column":0},"end":{"line":43,"column":3}},"46":{"start":{"line":47,"column":0},"end":{"line":47,"column":34}},"47":{"start":{"line":48,"column":0},"end":{"line":48,"column":40}},"48":{"start":{"line":49,"column":0},"end":{"line":49,"column":9}},"49":{"start":{"line":50,"column":0},"end":{"line":50,"column":35}},"50":{"start":{"line":51,"column":0},"end":{"line":51,"column":116}},"53":{"start":{"line":54,"column":0},"end":{"line":54,"column":41}},"54":{"start":{"line":55,"column":0},"end":{"line":55,"column":36}},"55":{"start":{"line":56,"column":0},"end":{"line":56,"column":30}},"56":{"start":{"line":57,"column":0},"end":{"line":57,"column":21}},"57":{"start":{"line":58,"column":0},"end":{"line":58,"column":60}},"58":{"start":{"line":59,"column":0},"end":{"line":59,"column":5}},"59":{"start":{"line":60,"column":0},"end":{"line":60,"column":3}},"61":{"start":{"line":62,"column":0},"end":{"line":62,"column":23}},"63":{"start":{"line":64,"column":0},"end":{"line":64,"column":37}},"64":{"start":{"line":65,"column":0},"end":{"line":65,"column":9}},"65":{"start":{"line":66,"column":0},"end":{"line":66,"column":81}},"66":{"start":{"line":67,"column":0},"end":{"line":67,"column":19}},"67":{"start":{"line":68,"column":0},"end":{"line":68,"column":32}},"68":{"start":{"line":69,"column":0},"end":{"line":69,"column":7}},"69":{"start":{"line":70,"column":0},"end":{"line":70,"column":19}},"70":{"start":{"line":71,"column":0},"end":{"line":71,"column":58}},"71":{"start":{"line":72,"column":0},"end":{"line":72,"column":5}},"72":{"start":{"line":73,"column":0},"end":{"line":73,"column":3}},"74":{"start":{"line":75,"column":0},"end":{"line":75,"column":26}},"76":{"start":{"line":77,"column":0},"end":{"line":77,"column":28}},"77":{"start":{"line":78,"column":0},"end":{"line":78,"column":31}},"78":{"start":{"line":79,"column":0},"end":{"line":79,"column":3}},"80":{"start":{"line":81,"column":0},"end":{"line":81,"column":34}},"81":{"start":{"line":82,"column":0},"end":{"line":82,"column":39}},"82":{"start":{"line":83,"column":0},"end":{"line":83,"column":41}},"83":{"start":{"line":84,"column":0},"end":{"line":84,"column":43}},"84":{"start":{"line":85,"column":0},"end":{"line":85,"column":26}},"85":{"start":{"line":86,"column":0},"end":{"line":86,"column":3}},"87":{"start":{"line":88,"column":0},"end":{"line":88,"column":34}},"88":{"start":{"line":89,"column":0},"end":{"line":89,"column":33}},"91":{"start":{"line":92,"column":0},"end":{"line":92,"column":45}},"92":{"start":{"line":93,"column":0},"end":{"line":93,"column":30}},"93":{"start":{"line":94,"column":0},"end":{"line":94,"column":30}},"94":{"start":{"line":95,"column":0},"end":{"line":95,"column":3}},"96":{"start":{"line":97,"column":0},"end":{"line":97,"column":34}},"97":{"start":{"line":98,"column":0},"end":{"line":98,"column":31}},"98":{"start":{"line":99,"column":0},"end":{"line":99,"column":3}},"100":{"start":{"line":101,"column":0},"end":{"line":101,"column":45}},"102":{"start":{"line":103,"column":0},"end":{"line":103,"column":36}},"103":{"start":{"line":104,"column":0},"end":{"line":104,"column":48}},"104":{"start":{"line":105,"column":0},"end":{"line":105,"column":10}},"105":{"start":{"line":106,"column":0},"end":{"line":106,"column":60}},"106":{"start":{"line":107,"column":0},"end":{"line":107,"column":38}},"107":{"start":{"line":108,"column":0},"end":{"line":108,"column":47}},"108":{"start":{"line":109,"column":0},"end":{"line":109,"column":21}},"109":{"start":{"line":110,"column":0},"end":{"line":110,"column":74}},"110":{"start":{"line":111,"column":0},"end":{"line":111,"column":36}},"111":{"start":{"line":112,"column":0},"end":{"line":112,"column":7}},"112":{"start":{"line":113,"column":0},"end":{"line":113,"column":5}},"113":{"start":{"line":114,"column":0},"end":{"line":114,"column":3}},"121":{"start":{"line":122,"column":0},"end":{"line":122,"column":34}},"132":{"start":{"line":133,"column":0},"end":{"line":133,"column":16}},"133":{"start":{"line":134,"column":0},"end":{"line":134,"column":59}},"135":{"start":{"line":136,"column":0},"end":{"line":136,"column":67}},"144":{"start":{"line":145,"column":0},"end":{"line":145,"column":19}},"149":{"start":{"line":150,"column":0},"end":{"line":150,"column":30}},"150":{"start":{"line":151,"column":0},"end":{"line":151,"column":24}},"151":{"start":{"line":152,"column":0},"end":{"line":152,"column":64}},"157":{"start":{"line":158,"column":0},"end":{"line":158,"column":52}},"158":{"start":{"line":159,"column":0},"end":{"line":159,"column":71}},"162":{"start":{"line":163,"column":0},"end":{"line":163,"column":35}},"166":{"start":{"line":167,"column":0},"end":{"line":167,"column":89}},"178":{"start":{"line":179,"column":0},"end":{"line":179,"column":57}},"181":{"start":{"line":182,"column":0},"end":{"line":182,"column":61}},"184":{"start":{"line":185,"column":0},"end":{"line":185,"column":72}},"185":{"start":{"line":186,"column":0},"end":{"line":186,"column":56}},"190":{"start":{"line":191,"column":0},"end":{"line":191,"column":63}},"192":{"start":{"line":193,"column":0},"end":{"line":193,"column":74}},"196":{"start":{"line":197,"column":0},"end":{"line":197,"column":29}},"197":{"start":{"line":198,"column":0},"end":{"line":198,"column":77}},"204":{"start":{"line":205,"column":0},"end":{"line":205,"column":54}},"206":{"start":{"line":207,"column":0},"end":{"line":207,"column":43}},"213":{"start":{"line":214,"column":0},"end":{"line":214,"column":26}},"215":{"start":{"line":216,"column":0},"end":{"line":216,"column":37}},"216":{"start":{"line":217,"column":0},"end":{"line":217,"column":50}},"217":{"start":{"line":218,"column":0},"end":{"line":218,"column":35}}},"s":{"5":1,"6":1,"7":1,"10":1,"12":1,"14":1,"15":1,"16":1,"17":1,"18":1,"19":1,"21":1,"25":1,"26":1,"27":1,"28":1,"29":1,"34":1,"35":1,"36":1,"37":1,"38":1,"39":1,"40":0,"41":0,"42":1,"46":1,"47":1,"48":1,"49":1,"50":1,"53":1,"54":1,"55":1,"56":1,"57":0,"58":0,"59":1,"61":1,"63":1,"64":1,"65":1,"66":1,"67":0,"68":0,"69":1,"70":1,"71":1,"72":1,"74":1,"76":1,"77":0,"78":0,"80":1,"81":0,"82":0,"83":0,"84":0,"85":0,"87":1,"88":1,"91":1,"92":0,"93":0,"94":0,"96":1,"97":0,"98":0,"100":1,"102":1,"103":2,"104":2,"105":2,"106":2,"107":2,"108":2,"109":0,"110":0,"111":0,"112":2,"113":2,"121":1,"132":1,"133":1,"135":1,"144":1,"149":1,"150":1,"151":1,"157":1,"158":1,"162":1,"166":1,"178":1,"181":1,"184":1,"185":1,"190":1,"192":1,"196":1,"197":1,"204":1,"206":1,"213":1,"215":1,"216":1,"217":1},"branchMap":{"0":{"type":"branch","line":13,"loc":{"start":{"line":13,"column":9},"end":{"line":30,"column":3}},"locations":[{"start":{"line":13,"column":9},"end":{"line":30,"column":3}}]},"1":{"type":"branch","line":35,"loc":{"start":{"line":35,"column":17},"end":{"line":43,"column":3}},"locations":[{"start":{"line":35,"column":17},"end":{"line":43,"column":3}}]},"2":{"type":"branch","line":40,"loc":{"start":{"line":40,"column":5},"end":{"line":42,"column":5}},"locations":[{"start":{"line":40,"column":5},"end":{"line":42,"column":5}}]},"3":{"type":"branch","line":47,"loc":{"start":{"line":47,"column":17},"end":{"line":60,"column":3}},"locations":[{"start":{"line":47,"column":17},"end":{"line":60,"column":3}}]},"4":{"type":"branch","line":57,"loc":{"start":{"line":57,"column":5},"end":{"line":59,"column":5}},"locations":[{"start":{"line":57,"column":5},"end":{"line":59,"column":5}}]},"5":{"type":"branch","line":64,"loc":{"start":{"line":64,"column":17},"end":{"line":73,"column":3}},"locations":[{"start":{"line":64,"column":17},"end":{"line":73,"column":3}}]},"6":{"type":"branch","line":67,"loc":{"start":{"line":67,"column":18},"end":{"line":69,"column":7}},"locations":[{"start":{"line":67,"column":18},"end":{"line":69,"column":7}}]},"7":{"type":"branch","line":103,"loc":{"start":{"line":103,"column":17},"end":{"line":114,"column":3}},"locations":[{"start":{"line":103,"column":17},"end":{"line":114,"column":3}}]},"8":{"type":"branch","line":109,"loc":{"start":{"line":109,"column":7},"end":{"line":112,"column":7}},"locations":[{"start":{"line":109,"column":7},"end":{"line":112,"column":7}}]},"9":{"type":"branch","line":133,"loc":{"start":{"line":133,"column":15},"end":{"line":133,"column":16}},"locations":[{"start":{"line":133,"column":15},"end":{"line":133,"column":16}}]},"10":{"type":"branch","line":145,"loc":{"start":{"line":145,"column":18},"end":{"line":145,"column":19}},"locations":[{"start":{"line":145,"column":18},"end":{"line":145,"column":19}}]},"11":{"type":"branch","line":179,"loc":{"start":{"line":179,"column":11},"end":{"line":179,"column":35}},"locations":[{"start":{"line":179,"column":11},"end":{"line":179,"column":35}}]},"12":{"type":"branch","line":179,"loc":{"start":{"line":179,"column":30},"end":{"line":179,"column":55}},"locations":[{"start":{"line":179,"column":30},"end":{"line":179,"column":55}}]},"13":{"type":"branch","line":179,"loc":{"start":{"line":179,"column":11},"end":{"line":179,"column":35}},"locations":[{"start":{"line":179,"column":11},"end":{"line":179,"column":35}}]},"14":{"type":"branch","line":179,"loc":{"start":{"line":179,"column":30},"end":{"line":179,"column":55}},"locations":[{"start":{"line":179,"column":30},"end":{"line":179,"column":55}}]},"15":{"type":"branch","line":186,"loc":{"start":{"line":186,"column":39},"end":{"line":186,"column":55}},"locations":[{"start":{"line":186,"column":39},"end":{"line":186,"column":55}}]},"16":{"type":"branch","line":198,"loc":{"start":{"line":198,"column":19},"end":{"line":198,"column":77}},"locations":[{"start":{"line":198,"column":19},"end":{"line":198,"column":77}}]},"17":{"type":"branch","line":191,"loc":{"start":{"line":191,"column":35},"end":{"line":191,"column":57}},"locations":[{"start":{"line":191,"column":35},"end":{"line":191,"column":57}}]},"18":{"type":"branch","line":193,"loc":{"start":{"line":193,"column":27},"end":{"line":193,"column":46}},"locations":[{"start":{"line":193,"column":27},"end":{"line":193,"column":46}}]},"19":{"type":"branch","line":193,"loc":{"start":{"line":193,"column":46},"end":{"line":193,"column":73}},"locations":[{"start":{"line":193,"column":46},"end":{"line":193,"column":73}}]},"20":{"type":"branch","line":207,"loc":{"start":{"line":207,"column":36},"end":{"line":207,"column":42}},"locations":[{"start":{"line":207,"column":36},"end":{"line":207,"column":42}}]},"21":{"type":"branch","line":207,"loc":{"start":{"line":207,"column":42},"end":{"line":207,"column":43}},"locations":[{"start":{"line":207,"column":42},"end":{"line":207,"column":43}}]},"22":{"type":"branch","line":214,"loc":{"start":{"line":214,"column":25},"end":{"line":214,"column":26}},"locations":[{"start":{"line":214,"column":25},"end":{"line":214,"column":26}}]},"23":{"type":"branch","line":122,"loc":{"start":{"line":122,"column":10},"end":{"line":122,"column":34}},"locations":[{"start":{"line":122,"column":10},"end":{"line":122,"column":34}}]}},"b":{"0":[1],"1":[1],"2":[0],"3":[1],"4":[0],"5":[1],"6":[0],"7":[2],"8":[0],"9":[0],"10":[0],"11":[2],"12":[1],"13":[2],"14":[1],"15":[0],"16":[1],"17":[0],"18":[0],"19":[0],"20":[2],"21":[0],"22":[0],"23":[2]},"fnMap":{"0":{"name":"fetchAPIKey","decl":{"start":{"line":35,"column":17},"end":{"line":43,"column":3}},"loc":{"start":{"line":35,"column":17},"end":{"line":43,"column":3}},"line":35},"1":{"name":"fetchArticles","decl":{"start":{"line":47,"column":17},"end":{"line":60,"column":3}},"loc":{"start":{"line":47,"column":17},"end":{"line":60,"column":3}},"line":47},"2":{"name":"checkLoginStatus","decl":{"start":{"line":64,"column":17},"end":{"line":73,"column":3}},"loc":{"start":{"line":64,"column":17},"end":{"line":73,"column":3}},"line":64},"3":{"name":"toggleSidebar","decl":{"start":{"line":77,"column":11},"end":{"line":79,"column":3}},"loc":{"start":{"line":77,"column":11},"end":{"line":79,"column":3}},"line":77},"4":{"name":"getGreeting","decl":{"start":{"line":81,"column":11},"end":{"line":86,"column":3}},"loc":{"start":{"line":81,"column":11},"end":{"line":86,"column":3}},"line":81},"5":{"name":"openCommentSidebar","decl":{"start":{"line":92,"column":11},"end":{"line":95,"column":3}},"loc":{"start":{"line":92,"column":11},"end":{"line":95,"column":3}},"line":92},"6":{"name":"closeCommentSidebar","decl":{"start":{"line":97,"column":11},"end":{"line":99,"column":3}},"loc":{"start":{"line":97,"column":11},"end":{"line":99,"column":3}},"line":97},"7":{"name":"fetchCommentNum","decl":{"start":{"line":103,"column":17},"end":{"line":114,"column":3}},"loc":{"start":{"line":103,"column":17},"end":{"line":114,"column":3}},"line":103}},"f":{"0":1,"1":1,"2":1,"3":0,"4":0,"5":0,"6":0,"7":2}}
,"D:\\1Senior\\Quarter3\\ECS 162\\hw3\\ECS162\\hw3-app\\frontend\\src\\lib\\Counter.svelte": {"path":"D:\\1Senior\\Quarter3\\ECS 162\\hw3\\ECS162\\hw3-app\\frontend\\src\\lib\\Counter.svelte","all":true,"statementMap":{"0":{"start":{"line":1,"column":0},"end":{"line":1,"column":18}},"1":{"start":{"line":2,"column":0},"end":{"line":2,"column":31}},"2":{"start":{"line":3,"column":0},"end":{"line":3,"column":27}},"3":{"start":{"line":4,"column":0},"end":{"line":4,"column":14}},"4":{"start":{"line":5,"column":0},"end":{"line":5,"column":3}},"5":{"start":{"line":6,"column":0},"end":{"line":6,"column":9}},"6":{"start":{"line":7,"column":0},"end":{"line":7,"column":0}},"7":{"start":{"line":8,"column":0},"end":{"line":8,"column":28}},"8":{"start":{"line":9,"column":0},"end":{"line":9,"column":18}},"9":{"start":{"line":10,"column":0},"end":{"line":10,"column":9}}},"s":{"0":0,"1":0,"2":0,"3":0,"4":0,"5":0,"6":0,"7":0,"8":0,"9":0},"branchMap":{"0":{"type":"branch","line":1,"loc":{"start":{"line":1,"column":0},"end":{"line":10,"column":9}},"locations":[{"start":{"line":1,"column":0},"end":{"line":10,"column":9}}]}},"b":{"0":[0]},"fnMap":{"0":{"name":"(empty-report)","decl":{"start":{"line":1,"column":0},"end":{"line":10,"column":9}},"loc":{"start":{"line":1,"column":0},"end":{"line":10,"column":9}},"line":1}},"f":{"0":0}}
}
